Mplus VERSION 8.5 DEMO (Mac)
MUTHEN & MUTHEN
01/04/2021   4:31 PM

INPUT INSTRUCTIONS

  TITLE: OAC discrepancy 1 class bayes;

  DATA:
  FILE IS ../data/mplus/oac_gp_discrep.csv;


  VARIABLE:
  NAMES ARE
  regional_unit mar apr may jun jul
  ;

  IDvariable is regional_unit;

  USEVARIABLE ARE
  mar-jul
  ;

  CLASSES =  c (1);

  MISSING ARE ALL (-999);

  ANALYSIS:
  estimator = bayes;
  biterations = 100000000 (300000);
  chains = 1;
  bconvergence = .01;
  TYPE = MIXTURE;
  bseed is 111;

  MODEL:
  %overall%

  i s q | mar apr  may jun jul;
  i-q@1;


  OUTPUT:
  TECH1 SAMPSTAT tech8;

  PLOT:
  TYPE = PLOT1 PLOT2 PlOT3;
  SERIES =
  mar-jul (s);


*** ERROR in MODEL command
  The number of fixed time scores is not sufficient for model identification
  in the following growth process:   I S Q

Mplus VERSION 8.5 DEMO (Mac) has the following limitations:
  Maximum number of dependent variables: 6
  Maximum number of independent variables: 2
  Maximum number of between variables: 2
  Maximum number of continuous latent variables in time series analysis: 2


MUTHEN & MUTHEN
3463 Stoner Ave.
Los Angeles, CA  90066

Tel: (310) 391-9971
Fax: (310) 391-8971
Web: www.StatModel.com
Support: Support@StatModel.com

Copyright (c) 1998-2020 Muthen & Muthen
