Mplus VERSION 8.5 DEMO
MUTHEN & MUTHEN
01/05/2021   5:20 PM

INPUT INSTRUCTIONS

  TITLE: OAC discrepancy 1 class ml;

  DATA:
  FILE IS ../../data/mplus/oac_cluster_discrep.csv;

  VARIABLE:
  NAMES ARE
  regional_unit mar apr may jun jul
  ;

  IDvariable is regional_unit;

  USEVARIABLE ARE
  mar-jul
  ;

  CLASSES =  c (1);

  MISSING ARE ALL (-999);

  ANALYSIS:
  type = mixture;
  STARTS = 200 20;
  STITERATIONS = 10;

  MODEL:
  %overall%

  i s q| mar@0 apr@1  may@2 jun@3 jul@4;
  i-q@0;


  OUTPUT:
  TECH1 SAMPSTAT tech8;

  PLOT:
  TYPE = PLOT1 PLOT2 PlOT3;
  SERIES =
  mar-jul (s);




*** WARNING in MODEL command
  All continuous latent variable covariances involving I have been fixed to 0
  because the variance of I is fixed at 0.
*** WARNING in MODEL command
  All continuous latent variable covariances involving S have been fixed to 0
  because the variance of S is fixed at 0.
   2 WARNING(S) FOUND IN THE INPUT INSTRUCTIONS



OAC discrepancy 1 class ml;

SUMMARY OF ANALYSIS

Number of groups                                                 1
Number of observations                                          64

Number of dependent variables                                    5
Number of independent variables                                  0
Number of continuous latent variables                            3
Number of categorical latent variables                           1

Observed dependent variables

  Continuous
   MAR         APR         MAY         JUN         JUL

Continuous latent variables
   I           S           Q

Categorical latent variables
   C

Variables with special functions

  ID variable           REGIONAL

Estimator                                                      MLR
Information matrix                                        OBSERVED
Optimization Specifications for the Quasi-Newton Algorithm for
Continuous Outcomes
  Maximum number of iterations                                 100
  Convergence criterion                                  0.100D-05
Optimization Specifications for the EM Algorithm
  Maximum number of iterations                                 500
  Convergence criteria
    Loglikelihood change                                 0.100D-06
    Relative loglikelihood change                        0.100D-06
    Derivative                                           0.100D-05
Optimization Specifications for the M step of the EM Algorithm for
Categorical Latent variables
  Number of M step iterations                                    1
  M step convergence criterion                           0.100D-05
  Basis for M step termination                           ITERATION
Optimization Specifications for the M step of the EM Algorithm for
Censored, Binary or Ordered Categorical (Ordinal), Unordered
Categorical (Nominal) and Count Outcomes
  Number of M step iterations                                    1
  M step convergence criterion                           0.100D-05
  Basis for M step termination                           ITERATION
  Maximum value for logit thresholds                            15
  Minimum value for logit thresholds                           -15
  Minimum expected cell size for chi-square              0.100D-01
Maximum number of iterations for H1                           2000
Convergence criterion for H1                             0.100D-03
Optimization algorithm                                         EMA
Random Starts Specifications
  Number of initial stage random starts                        200
  Number of final stage optimizations                           20
  Number of initial stage iterations                            10
  Initial stage convergence criterion                    0.100D+01
  Random starts scale                                    0.500D+01
  Random seed for generating random starts                       0

Input data file(s)
  ../../data/mplus/oac_cluster_discrep.csv
Input data format  FREE


SUMMARY OF DATA

     Number of missing data patterns             1
     Number of y missing data patterns           1
     Number of u missing data patterns           0


COVARIANCE COVERAGE OF DATA

Minimum covariance coverage value   0.100


     PROPORTION OF DATA PRESENT FOR Y


           Covariance Coverage
              MAR           APR           MAY           JUN           JUL
              ________      ________      ________      ________      ________
 MAR            1.000
 APR            1.000         1.000
 MAY            1.000         1.000         1.000
 JUN            1.000         1.000         1.000         1.000
 JUL            1.000         1.000         1.000         1.000         1.000


SAMPLE STATISTICS


     ESTIMATED SAMPLE STATISTICS


           Means
              MAR           APR           MAY           JUN           JUL
              ________      ________      ________      ________      ________
                0.003         0.002         0.006         0.002         0.005


           Covariances
              MAR           APR           MAY           JUN           JUL
              ________      ________      ________      ________      ________
 MAR            0.016
 APR           -0.001         0.021
 MAY            0.005         0.019         0.031
 JUN            0.002         0.016         0.024         0.029
 JUL            0.008         0.017         0.029         0.028         0.037


           Correlations
              MAR           APR           MAY           JUN           JUL
              ________      ________      ________      ________      ________
 MAR            1.000
 APR           -0.045         1.000
 MAY            0.204         0.733         1.000
 JUN            0.074         0.631         0.778         1.000
 JUL            0.327         0.629         0.836         0.843         1.000


     MAXIMUM LOG-LIKELIHOOD VALUE FOR THE UNRESTRICTED (H1) MODEL IS 249.144


UNIVARIATE SAMPLE STATISTICS


     UNIVARIATE HIGHER-ORDER MOMENT DESCRIPTIVE STATISTICS

         Variable/         Mean/     Skewness/   Minimum/ % with                Percentiles
        Sample Size      Variance    Kurtosis    Maximum  Min/Max      20%/60%    40%/80%    Median

     MAR                   0.003       0.007      -0.390    1.56%      -0.080     -0.021      0.004
              64.000       0.016       1.611       0.370    1.56%       0.019      0.088
     APR                   0.002      -0.447      -0.350    1.56%      -0.102     -0.017      0.020
              64.000       0.021      -0.088       0.325    1.56%       0.033      0.127
     MAY                   0.006      -0.171      -0.371    1.56%      -0.132     -0.044      0.003
              64.000       0.031      -0.237       0.380    1.56%       0.062      0.138
     JUN                   0.002      -0.489      -0.400    1.56%      -0.145     -0.015      0.032
              64.000       0.029      -0.327       0.320    1.56%       0.065      0.146
     JUL                   0.005      -0.103      -0.483    1.56%      -0.145     -0.008      0.041
              64.000       0.037       0.022       0.502    1.56%       0.058      0.129

RANDOM STARTS RESULTS RANKED FROM THE BEST TO THE WORST LOGLIKELIHOOD VALUES

Final stage loglikelihood values at local maxima, seeds, and initial stage start numbers:

             131.765  76974            16
             131.765  68985            17
             131.765  830392           35
             131.765  263268           165
             131.765  569833           85
             131.765  533738           11
             131.765  124999           96
             131.765  569131           26
             131.765  153942           31
             131.765  626891           32
             131.765  462953           7
             131.765  192071           142
             131.765  479273           156
             131.765  637345           19
             131.765  120506           45
             131.765  399671           13
             131.765  364676           27
             131.765  unperturbed      0

2 perturbed starting value run(s) did not converge or were rejected in the third stage.



THE MODEL ESTIMATION TERMINATED NORMALLY



MODEL FIT INFORMATION

Number of Free Parameters                        8

Loglikelihood

          H0 Value                         131.765
          H0 Scaling Correction Factor      1.2382
            for MLR

Information Criteria

          Akaike (AIC)                    -247.530
          Bayesian (BIC)                  -230.259
          Sample-Size Adjusted BIC        -255.437
            (n* = (n + 2) / 24)



FINAL CLASS COUNTS AND PROPORTIONS FOR THE LATENT CLASSES
BASED ON THE ESTIMATED MODEL

    Latent
   Classes

       1         64.00000          1.00000


FINAL CLASS COUNTS AND PROPORTIONS FOR THE LATENT CLASSES
BASED ON ESTIMATED POSTERIOR PROBABILITIES

    Latent
   Classes

       1         64.00000          1.00000


FINAL CLASS COUNTS AND PROPORTIONS FOR THE LATENT CLASSES
BASED ON THEIR MOST LIKELY LATENT CLASS MEMBERSHIP

Class Counts and Proportions

    Latent
   Classes

       1               64          1.00000


Average Latent Class Probabilities for Most Likely Latent Class Membership (Row)
by Latent Class (Column)

           1

    1   1.000


Classification Probabilities for the Most Likely Latent Class Membership (Column)
by Latent Class (Row)

           1

    1   1.000


Logits for the Classification Probabilities for the Most Likely Latent Class Membership (Column)
by Latent Class (Row)

              1

    1      0.000


MODEL RESULTS

                                                    Two-Tailed
                    Estimate       S.E.  Est./S.E.    P-Value

Latent Class 1

 I        |
    MAR                1.000      0.000    999.000    999.000
    APR                1.000      0.000    999.000    999.000
    MAY                1.000      0.000    999.000    999.000
    JUN                1.000      0.000    999.000    999.000
    JUL                1.000      0.000    999.000    999.000

 S        |
    MAR                0.000      0.000    999.000    999.000
    APR                1.000      0.000    999.000    999.000
    MAY                2.000      0.000    999.000    999.000
    JUN                3.000      0.000    999.000    999.000
    JUL                4.000      0.000    999.000    999.000

 Q        |
    MAR                0.000      0.000    999.000    999.000
    APR                1.000      0.000    999.000    999.000
    MAY                4.000      0.000    999.000    999.000
    JUN                9.000      0.000    999.000    999.000
    JUL               16.000      0.000    999.000    999.000

 Means
    I                  0.003      0.015      0.219      0.827
    S                  0.000      0.021     -0.009      0.993
    Q                  0.000      0.004      0.027      0.978

 Intercepts
    MAR                0.000      0.000    999.000    999.000
    APR                0.000      0.000    999.000    999.000
    MAY                0.000      0.000    999.000    999.000
    JUN                0.000      0.000    999.000    999.000
    JUL                0.000      0.000    999.000    999.000

 Variances
    I                  0.000      0.000    999.000    999.000
    S                  0.000      0.000    999.000    999.000
    Q                  0.000      0.000    999.000    999.000

 Residual Variances
    MAR                0.016      0.004      4.210      0.000
    APR                0.021      0.004      5.781      0.000
    MAY                0.031      0.005      6.009      0.000
    JUN                0.029      0.005      6.190      0.000
    JUL                0.037      0.007      5.627      0.000


QUALITY OF NUMERICAL RESULTS

     Condition Number for the Information Matrix              0.112E-04
       (ratio of smallest to largest eigenvalue)


TECHNICAL 1 OUTPUT


     PARAMETER SPECIFICATION FOR LATENT CLASS 1


           NU
              MAR           APR           MAY           JUN           JUL
              ________      ________      ________      ________      ________
                    0             0             0             0             0


           LAMBDA
              I             S             Q
              ________      ________      ________
 MAR                0             0             0
 APR                0             0             0
 MAY                0             0             0
 JUN                0             0             0
 JUL                0             0             0


           THETA
              MAR           APR           MAY           JUN           JUL
              ________      ________      ________      ________      ________
 MAR                1
 APR                0             2
 MAY                0             0             3
 JUN                0             0             0             4
 JUL                0             0             0             0             5


           ALPHA
              I             S             Q
              ________      ________      ________
                    6             7             8


           BETA
              I             S             Q
              ________      ________      ________
 I                  0             0             0
 S                  0             0             0
 Q                  0             0             0


           PSI
              I             S             Q
              ________      ________      ________
 I                  0
 S                  0             0
 Q                  0             0             0


     PARAMETER SPECIFICATION FOR LATENT CLASS REGRESSION MODEL PART


           ALPHA(C)
              C#1
              ________
                    0


     STARTING VALUES FOR LATENT CLASS 1


           NU
              MAR           APR           MAY           JUN           JUL
              ________      ________      ________      ________      ________
                0.000         0.000         0.000         0.000         0.000


           LAMBDA
              I             S             Q
              ________      ________      ________
 MAR            1.000         0.000         0.000
 APR            1.000         1.000         1.000
 MAY            1.000         2.000         4.000
 JUN            1.000         3.000         9.000
 JUL            1.000         4.000        16.000


           THETA
              MAR           APR           MAY           JUN           JUL
              ________      ________      ________      ________      ________
 MAR            0.008
 APR            0.000         0.010
 MAY            0.000         0.000         0.016
 JUN            0.000         0.000         0.000         0.015
 JUL            0.000         0.000         0.000         0.000         0.019


           ALPHA
              I             S             Q
              ________      ________      ________
                0.003         0.000         0.000


           BETA
              I             S             Q
              ________      ________      ________
 I              0.000         0.000         0.000
 S              0.000         0.000         0.000
 Q              0.000         0.000         0.000


           PSI
              I             S             Q
              ________      ________      ________
 I              0.000
 S              0.000         0.000
 Q              0.000         0.000         0.000


     STARTING VALUES FOR LATENT CLASS REGRESSION MODEL PART


           ALPHA(C)
              C#1
              ________
                0.000


TECHNICAL 8 OUTPUT


  INITIAL STAGE ITERATIONS


  TECHNICAL 8 OUTPUT FOR UNPERTURBED STARTING VALUE SET


   E STEP  ITER  LOGLIKELIHOOD    ABS CHANGE   REL CHANGE  ALGORITHM
              1  0.82654642D+02    0.0000000    0.0000000  EM
              2  0.13176490D+03   49.1102579    0.5941621  EM
              3  0.13176490D+03    0.0000000    0.0000000  EM


  TECHNICAL 8 OUTPUT FOR STARTING VALUE SET 1


   E STEP  ITER  LOGLIKELIHOOD    ABS CHANGE   REL CHANGE  ALGORITHM
              1 -0.43512891D+05    0.0000000    0.0000000  EM
              2  0.13176490D+03 ************    1.0030282  EM
              3  0.13176490D+03    0.0000000    0.0000000  EM


  TECHNICAL 8 OUTPUT FOR STARTING VALUE SET 2


   E STEP  ITER  LOGLIKELIHOOD    ABS CHANGE   REL CHANGE  ALGORITHM
              1 -0.43512891D+05    0.0000000    0.0000000  EM
              2  0.13176490D+03 ************    1.0030282  EM
              3  0.13176490D+03    0.0000000    0.0000000  EM


  TECHNICAL 8 OUTPUT FOR STARTING VALUE SET 3


   E STEP  ITER  LOGLIKELIHOOD    ABS CHANGE   REL CHANGE  ALGORITHM
              1 -0.43512891D+05    0.0000000    0.0000000  EM
              2  0.13176490D+03 ************    1.0030282  EM
              3  0.13176490D+03    0.0000000    0.0000000  EM


  TECHNICAL 8 OUTPUT FOR STARTING VALUE SET 4


   E STEP  ITER  LOGLIKELIHOOD    ABS CHANGE   REL CHANGE  ALGORITHM
              1 -0.43512891D+05    0.0000000    0.0000000  EM
              2  0.13176490D+03 ************    1.0030282  EM
              3  0.13176490D+03    0.0000000    0.0000000  EM


  TECHNICAL 8 OUTPUT FOR STARTING VALUE SET 5


   E STEP  ITER  LOGLIKELIHOOD    ABS CHANGE   REL CHANGE  ALGORITHM
              1 -0.43512891D+05    0.0000000    0.0000000  EM
              2  0.13176490D+03 ************    1.0030282  EM
              3  0.13176490D+03    0.0000000    0.0000000  EM


  TECHNICAL 8 OUTPUT FOR STARTING VALUE SET 6


   E STEP  ITER  LOGLIKELIHOOD    ABS CHANGE   REL CHANGE  ALGORITHM
              1 -0.43512891D+05    0.0000000    0.0000000  EM
              2  0.13176490D+03 ************    1.0030282  EM
              3  0.13176490D+03    0.0000000    0.0000000  EM


  TECHNICAL 8 OUTPUT FOR STARTING VALUE SET 7


   E STEP  ITER  LOGLIKELIHOOD    ABS CHANGE   REL CHANGE  ALGORITHM
              1 -0.43512891D+05    0.0000000    0.0000000  EM
              2  0.13176490D+03 ************    1.0030282  EM
              3  0.13176490D+03    0.0000000    0.0000000  EM


  TECHNICAL 8 OUTPUT FOR STARTING VALUE SET 8


   E STEP  ITER  LOGLIKELIHOOD    ABS CHANGE   REL CHANGE  ALGORITHM
              1 -0.43512891D+05    0.0000000    0.0000000  EM
              2  0.13176490D+03 ************    1.0030282  EM
              3  0.13176490D+03    0.0000000    0.0000000  EM


  TECHNICAL 8 OUTPUT FOR STARTING VALUE SET 9


   E STEP  ITER  LOGLIKELIHOOD    ABS CHANGE   REL CHANGE  ALGORITHM
              1 -0.43512891D+05    0.0000000    0.0000000  EM
              2  0.13176490D+03 ************    1.0030282  EM
              3  0.13176490D+03    0.0000000    0.0000000  EM


  TECHNICAL 8 OUTPUT FOR STARTING VALUE SET 10


   E STEP  ITER  LOGLIKELIHOOD    ABS CHANGE   REL CHANGE  ALGORITHM
              1 -0.43512891D+05    0.0000000    0.0000000  EM
              2  0.13176490D+03 ************    1.0030282  EM
              3  0.13176490D+03    0.0000000    0.0000000  EM


  TECHNICAL 8 OUTPUT FOR STARTING VALUE SET 11


   E STEP  ITER  LOGLIKELIHOOD    ABS CHANGE   REL CHANGE  ALGORITHM
              1 -0.43512891D+05    0.0000000    0.0000000  EM
              2  0.13176490D+03 ************    1.0030282  EM
              3  0.13176490D+03    0.0000000    0.0000000  EM


  TECHNICAL 8 OUTPUT FOR STARTING VALUE SET 12


   E STEP  ITER  LOGLIKELIHOOD    ABS CHANGE   REL CHANGE  ALGORITHM
              1 -0.43512891D+05    0.0000000    0.0000000  EM
              2  0.13176490D+03 ************    1.0030282  EM
              3  0.13176490D+03    0.0000000    0.0000000  EM


  TECHNICAL 8 OUTPUT FOR STARTING VALUE SET 13


   E STEP  ITER  LOGLIKELIHOOD    ABS CHANGE   REL CHANGE  ALGORITHM
              1 -0.43512891D+05    0.0000000    0.0000000  EM
              2  0.13176490D+03 ************    1.0030282  EM
              3  0.13176490D+03    0.0000000    0.0000000  EM


  TECHNICAL 8 OUTPUT FOR STARTING VALUE SET 14


   E STEP  ITER  LOGLIKELIHOOD    ABS CHANGE   REL CHANGE  ALGORITHM
              1 -0.43512891D+05    0.0000000    0.0000000  EM
              2  0.13176490D+03 ************    1.0030282  EM
              3  0.13176490D+03    0.0000000    0.0000000  EM


  TECHNICAL 8 OUTPUT FOR STARTING VALUE SET 15


   E STEP  ITER  LOGLIKELIHOOD    ABS CHANGE   REL CHANGE  ALGORITHM
              1 -0.43512891D+05    0.0000000    0.0000000  EM
              2  0.13176490D+03 ************    1.0030282  EM
              3  0.13176490D+03    0.0000000    0.0000000  EM


  TECHNICAL 8 OUTPUT FOR STARTING VALUE SET 16


   E STEP  ITER  LOGLIKELIHOOD    ABS CHANGE   REL CHANGE  ALGORITHM
              1 -0.43512891D+05    0.0000000    0.0000000  EM
              2  0.13176490D+03 ************    1.0030282  EM
              3  0.13176490D+03    0.0000000    0.0000000  EM


  TECHNICAL 8 OUTPUT FOR STARTING VALUE SET 17


   E STEP  ITER  LOGLIKELIHOOD    ABS CHANGE   REL CHANGE  ALGORITHM
              1 -0.43512891D+05    0.0000000    0.0000000  EM
              2  0.13176490D+03 ************    1.0030282  EM
              3  0.13176490D+03    0.0000000    0.0000000  EM


  TECHNICAL 8 OUTPUT FOR STARTING VALUE SET 18


   E STEP  ITER  LOGLIKELIHOOD    ABS CHANGE   REL CHANGE  ALGORITHM
              1 -0.43512891D+05    0.0000000    0.0000000  EM
              2  0.13176490D+03 ************    1.0030282  EM
              3  0.13176490D+03    0.0000000    0.0000000  EM


  TECHNICAL 8 OUTPUT FOR STARTING VALUE SET 19


   E STEP  ITER  LOGLIKELIHOOD    ABS CHANGE   REL CHANGE  ALGORITHM
              1 -0.43512891D+05    0.0000000    0.0000000  EM
              2  0.13176490D+03 ************    1.0030282  EM
              3  0.13176490D+03    0.0000000    0.0000000  EM


  TECHNICAL 8 OUTPUT FOR STARTING VALUE SET 20


   E STEP  ITER  LOGLIKELIHOOD    ABS CHANGE   REL CHANGE  ALGORITHM
              1 -0.43512891D+05    0.0000000    0.0000000  EM
              2  0.13176490D+03 ************    1.0030282  EM
              3  0.13176490D+03    0.0000000    0.0000000  EM


  TECHNICAL 8 OUTPUT FOR STARTING VALUE SET 21


   E STEP  ITER  LOGLIKELIHOOD    ABS CHANGE   REL CHANGE  ALGORITHM
              1 -0.43512891D+05    0.0000000    0.0000000  EM
              2  0.13176490D+03 ************    1.0030282  EM
              3  0.13176490D+03    0.0000000    0.0000000  EM


  TECHNICAL 8 OUTPUT FOR STARTING VALUE SET 22


   E STEP  ITER  LOGLIKELIHOOD    ABS CHANGE   REL CHANGE  ALGORITHM
              1 -0.24639222D+05    0.0000000    0.0000000  EM
              2  0.13176490D+03 ************    1.0053478  EM
              3  0.13176490D+03    0.0000000    0.0000000  EM


  TECHNICAL 8 OUTPUT FOR STARTING VALUE SET 23


   E STEP  ITER  LOGLIKELIHOOD    ABS CHANGE   REL CHANGE  ALGORITHM
              1 -0.43512891D+05    0.0000000    0.0000000  EM
              2  0.13176490D+03 ************    1.0030282  EM
              3  0.13176490D+03    0.0000000    0.0000000  EM


  TECHNICAL 8 OUTPUT FOR STARTING VALUE SET 24


   E STEP  ITER  LOGLIKELIHOOD    ABS CHANGE   REL CHANGE  ALGORITHM
              1 -0.43512891D+05    0.0000000    0.0000000  EM
              2  0.13176490D+03 ************    1.0030282  EM
              3  0.13176490D+03    0.0000000    0.0000000  EM


  TECHNICAL 8 OUTPUT FOR STARTING VALUE SET 25


   E STEP  ITER  LOGLIKELIHOOD    ABS CHANGE   REL CHANGE  ALGORITHM
              1 -0.43512891D+05    0.0000000    0.0000000  EM
              2  0.13176490D+03 ************    1.0030282  EM
              3  0.13176490D+03    0.0000000    0.0000000  EM


  TECHNICAL 8 OUTPUT FOR STARTING VALUE SET 26


   E STEP  ITER  LOGLIKELIHOOD    ABS CHANGE   REL CHANGE  ALGORITHM
              1 -0.43512891D+05    0.0000000    0.0000000  EM
              2  0.13176490D+03 ************    1.0030282  EM
              3  0.13176490D+03    0.0000000    0.0000000  EM


  TECHNICAL 8 OUTPUT FOR STARTING VALUE SET 27


   E STEP  ITER  LOGLIKELIHOOD    ABS CHANGE   REL CHANGE  ALGORITHM
              1 -0.43512891D+05    0.0000000    0.0000000  EM
              2  0.13176490D+03 ************    1.0030282  EM
              3  0.13176490D+03    0.0000000    0.0000000  EM


  TECHNICAL 8 OUTPUT FOR STARTING VALUE SET 28


   E STEP  ITER  LOGLIKELIHOOD    ABS CHANGE   REL CHANGE  ALGORITHM
              1 -0.43512891D+05    0.0000000    0.0000000  EM
              2  0.13176490D+03 ************    1.0030282  EM
              3  0.13176490D+03    0.0000000    0.0000000  EM


  TECHNICAL 8 OUTPUT FOR STARTING VALUE SET 29


   E STEP  ITER  LOGLIKELIHOOD    ABS CHANGE   REL CHANGE  ALGORITHM
              1 -0.43512891D+05    0.0000000    0.0000000  EM
              2  0.13176490D+03 ************    1.0030282  EM
              3  0.13176490D+03    0.0000000    0.0000000  EM


  TECHNICAL 8 OUTPUT FOR STARTING VALUE SET 30


   E STEP  ITER  LOGLIKELIHOOD    ABS CHANGE   REL CHANGE  ALGORITHM
              1 -0.43512891D+05    0.0000000    0.0000000  EM
              2  0.13176490D+03 ************    1.0030282  EM
              3  0.13176490D+03    0.0000000    0.0000000  EM


  TECHNICAL 8 OUTPUT FOR STARTING VALUE SET 31


   E STEP  ITER  LOGLIKELIHOOD    ABS CHANGE   REL CHANGE  ALGORITHM
              1 -0.43512891D+05    0.0000000    0.0000000  EM
              2  0.13176490D+03 ************    1.0030282  EM
              3  0.13176490D+03    0.0000000    0.0000000  EM


  TECHNICAL 8 OUTPUT FOR STARTING VALUE SET 32


   E STEP  ITER  LOGLIKELIHOOD    ABS CHANGE   REL CHANGE  ALGORITHM
              1 -0.43512891D+05    0.0000000    0.0000000  EM
              2  0.13176490D+03 ************    1.0030282  EM
              3  0.13176490D+03    0.0000000    0.0000000  EM


  TECHNICAL 8 OUTPUT FOR STARTING VALUE SET 33


   E STEP  ITER  LOGLIKELIHOOD    ABS CHANGE   REL CHANGE  ALGORITHM
              1 -0.43512891D+05    0.0000000    0.0000000  EM
              2  0.13176490D+03 ************    1.0030282  EM
              3  0.13176490D+03    0.0000000    0.0000000  EM


  TECHNICAL 8 OUTPUT FOR STARTING VALUE SET 34


   E STEP  ITER  LOGLIKELIHOOD    ABS CHANGE   REL CHANGE  ALGORITHM
              1 -0.43512891D+05    0.0000000    0.0000000  EM
              2  0.13176490D+03 ************    1.0030282  EM
              3  0.13176490D+03    0.0000000    0.0000000  EM


  TECHNICAL 8 OUTPUT FOR STARTING VALUE SET 35


   E STEP  ITER  LOGLIKELIHOOD    ABS CHANGE   REL CHANGE  ALGORITHM
              1 -0.43512891D+05    0.0000000    0.0000000  EM
              2  0.13176490D+03 ************    1.0030282  EM
              3  0.13176490D+03    0.0000000    0.0000000  EM


  TECHNICAL 8 OUTPUT FOR STARTING VALUE SET 36


   E STEP  ITER  LOGLIKELIHOOD    ABS CHANGE   REL CHANGE  ALGORITHM
              1 -0.43512891D+05    0.0000000    0.0000000  EM
              2  0.13176490D+03 ************    1.0030282  EM
              3  0.13176490D+03    0.0000000    0.0000000  EM


  TECHNICAL 8 OUTPUT FOR STARTING VALUE SET 37


   E STEP  ITER  LOGLIKELIHOOD    ABS CHANGE   REL CHANGE  ALGORITHM
              1 -0.43512891D+05    0.0000000    0.0000000  EM
              2  0.13176490D+03 ************    1.0030282  EM
              3  0.13176490D+03    0.0000000    0.0000000  EM


  TECHNICAL 8 OUTPUT FOR STARTING VALUE SET 38


   E STEP  ITER  LOGLIKELIHOOD    ABS CHANGE   REL CHANGE  ALGORITHM
              1 -0.43512891D+05    0.0000000    0.0000000  EM
              2  0.13176490D+03 ************    1.0030282  EM
              3  0.13176490D+03    0.0000000    0.0000000  EM


  TECHNICAL 8 OUTPUT FOR STARTING VALUE SET 39


   E STEP  ITER  LOGLIKELIHOOD    ABS CHANGE   REL CHANGE  ALGORITHM
              1 -0.43512891D+05    0.0000000    0.0000000  EM
              2  0.13176490D+03 ************    1.0030282  EM
              3  0.13176490D+03    0.0000000    0.0000000  EM


  TECHNICAL 8 OUTPUT FOR STARTING VALUE SET 40


   E STEP  ITER  LOGLIKELIHOOD    ABS CHANGE   REL CHANGE  ALGORITHM
              1 -0.43512891D+05    0.0000000    0.0000000  EM
              2  0.13176490D+03 ************    1.0030282  EM
              3  0.13176490D+03    0.0000000    0.0000000  EM


  TECHNICAL 8 OUTPUT FOR STARTING VALUE SET 41


   E STEP  ITER  LOGLIKELIHOOD    ABS CHANGE   REL CHANGE  ALGORITHM
              1 -0.43512891D+05    0.0000000    0.0000000  EM
              2  0.13176490D+03 ************    1.0030282  EM
              3  0.13176490D+03    0.0000000    0.0000000  EM


  TECHNICAL 8 OUTPUT FOR STARTING VALUE SET 42


   E STEP  ITER  LOGLIKELIHOOD    ABS CHANGE   REL CHANGE  ALGORITHM
              1 -0.43512891D+05    0.0000000    0.0000000  EM
              2  0.13176490D+03 ************    1.0030282  EM
              3  0.13176490D+03    0.0000000    0.0000000  EM


  TECHNICAL 8 OUTPUT FOR STARTING VALUE SET 43


   E STEP  ITER  LOGLIKELIHOOD    ABS CHANGE   REL CHANGE  ALGORITHM
              1 -0.43512891D+05    0.0000000    0.0000000  EM
              2  0.13176490D+03 ************    1.0030282  EM
              3  0.13176490D+03    0.0000000    0.0000000  EM


  TECHNICAL 8 OUTPUT FOR STARTING VALUE SET 44


   E STEP  ITER  LOGLIKELIHOOD    ABS CHANGE   REL CHANGE  ALGORITHM
              1 -0.43512891D+05    0.0000000    0.0000000  EM
              2  0.13176490D+03 ************    1.0030282  EM
              3  0.13176490D+03    0.0000000    0.0000000  EM


  TECHNICAL 8 OUTPUT FOR STARTING VALUE SET 45


   E STEP  ITER  LOGLIKELIHOOD    ABS CHANGE   REL CHANGE  ALGORITHM
              1 -0.43512891D+05    0.0000000    0.0000000  EM
              2  0.13176490D+03 ************    1.0030282  EM
              3  0.13176490D+03    0.0000000    0.0000000  EM


  TECHNICAL 8 OUTPUT FOR STARTING VALUE SET 46


   E STEP  ITER  LOGLIKELIHOOD    ABS CHANGE   REL CHANGE  ALGORITHM
              1 -0.43512891D+05    0.0000000    0.0000000  EM
              2  0.13176490D+03 ************    1.0030282  EM
              3  0.13176490D+03    0.0000000    0.0000000  EM


  TECHNICAL 8 OUTPUT FOR STARTING VALUE SET 47


   E STEP  ITER  LOGLIKELIHOOD    ABS CHANGE   REL CHANGE  ALGORITHM
              1 -0.43512891D+05    0.0000000    0.0000000  EM
              2  0.13176490D+03 ************    1.0030282  EM
              3  0.13176490D+03    0.0000000    0.0000000  EM


  TECHNICAL 8 OUTPUT FOR STARTING VALUE SET 48


   E STEP  ITER  LOGLIKELIHOOD    ABS CHANGE   REL CHANGE  ALGORITHM
              1 -0.43512891D+05    0.0000000    0.0000000  EM
              2  0.13176490D+03 ************    1.0030282  EM
              3  0.13176490D+03    0.0000000    0.0000000  EM


  TECHNICAL 8 OUTPUT FOR STARTING VALUE SET 49


   E STEP  ITER  LOGLIKELIHOOD    ABS CHANGE   REL CHANGE  ALGORITHM
              1 -0.43512891D+05    0.0000000    0.0000000  EM
              2  0.13176490D+03 ************    1.0030282  EM
              3  0.13176490D+03    0.0000000    0.0000000  EM


  TECHNICAL 8 OUTPUT FOR STARTING VALUE SET 50


   E STEP  ITER  LOGLIKELIHOOD    ABS CHANGE   REL CHANGE  ALGORITHM
              1 -0.43512891D+05    0.0000000    0.0000000  EM
              2  0.13176490D+03 ************    1.0030282  EM
              3  0.13176490D+03    0.0000000    0.0000000  EM


  TECHNICAL 8 OUTPUT FOR STARTING VALUE SET 51


   E STEP  ITER  LOGLIKELIHOOD    ABS CHANGE   REL CHANGE  ALGORITHM
              1 -0.43512891D+05    0.0000000    0.0000000  EM
              2  0.13176490D+03 ************    1.0030282  EM
              3  0.13176490D+03    0.0000000    0.0000000  EM


  TECHNICAL 8 OUTPUT FOR STARTING VALUE SET 52


   E STEP  ITER  LOGLIKELIHOOD    ABS CHANGE   REL CHANGE  ALGORITHM
              1 -0.43512891D+05    0.0000000    0.0000000  EM
              2  0.13176490D+03 ************    1.0030282  EM
              3  0.13176490D+03    0.0000000    0.0000000  EM


  TECHNICAL 8 OUTPUT FOR STARTING VALUE SET 53


   E STEP  ITER  LOGLIKELIHOOD    ABS CHANGE   REL CHANGE  ALGORITHM
              1 -0.43512891D+05    0.0000000    0.0000000  EM
              2  0.13176490D+03 ************    1.0030282  EM
              3  0.13176490D+03    0.0000000    0.0000000  EM


  TECHNICAL 8 OUTPUT FOR STARTING VALUE SET 54


   E STEP  ITER  LOGLIKELIHOOD    ABS CHANGE   REL CHANGE  ALGORITHM
              1 -0.43512891D+05    0.0000000    0.0000000  EM
              2  0.13176490D+03 ************    1.0030282  EM
              3  0.13176490D+03    0.0000000    0.0000000  EM


  TECHNICAL 8 OUTPUT FOR STARTING VALUE SET 55


   E STEP  ITER  LOGLIKELIHOOD    ABS CHANGE   REL CHANGE  ALGORITHM
              1 -0.43512891D+05    0.0000000    0.0000000  EM
              2  0.13176490D+03 ************    1.0030282  EM
              3  0.13176490D+03    0.0000000    0.0000000  EM


  TECHNICAL 8 OUTPUT FOR STARTING VALUE SET 56


   E STEP  ITER  LOGLIKELIHOOD    ABS CHANGE   REL CHANGE  ALGORITHM
              1 -0.43512891D+05    0.0000000    0.0000000  EM
              2  0.13176490D+03 ************    1.0030282  EM
              3  0.13176490D+03    0.0000000    0.0000000  EM


  TECHNICAL 8 OUTPUT FOR STARTING VALUE SET 57


   E STEP  ITER  LOGLIKELIHOOD    ABS CHANGE   REL CHANGE  ALGORITHM
              1 -0.43512891D+05    0.0000000    0.0000000  EM
              2  0.13176490D+03 ************    1.0030282  EM
              3  0.13176490D+03    0.0000000    0.0000000  EM


  TECHNICAL 8 OUTPUT FOR STARTING VALUE SET 58


   E STEP  ITER  LOGLIKELIHOOD    ABS CHANGE   REL CHANGE  ALGORITHM
              1 -0.43512891D+05    0.0000000    0.0000000  EM
              2  0.13176490D+03 ************    1.0030282  EM
              3  0.13176490D+03    0.0000000    0.0000000  EM


  TECHNICAL 8 OUTPUT FOR STARTING VALUE SET 59


   E STEP  ITER  LOGLIKELIHOOD    ABS CHANGE   REL CHANGE  ALGORITHM
              1 -0.43512891D+05    0.0000000    0.0000000  EM
              2  0.13176490D+03 ************    1.0030282  EM
              3  0.13176490D+03    0.0000000    0.0000000  EM


  TECHNICAL 8 OUTPUT FOR STARTING VALUE SET 60


   E STEP  ITER  LOGLIKELIHOOD    ABS CHANGE   REL CHANGE  ALGORITHM
              1 -0.43512891D+05    0.0000000    0.0000000  EM
              2  0.13176490D+03 ************    1.0030282  EM
              3  0.13176490D+03    0.0000000    0.0000000  EM


  TECHNICAL 8 OUTPUT FOR STARTING VALUE SET 61


   E STEP  ITER  LOGLIKELIHOOD    ABS CHANGE   REL CHANGE  ALGORITHM
              1 -0.43512891D+05    0.0000000    0.0000000  EM
              2  0.13176490D+03 ************    1.0030282  EM
              3  0.13176490D+03    0.0000000    0.0000000  EM


  TECHNICAL 8 OUTPUT FOR STARTING VALUE SET 62


   E STEP  ITER  LOGLIKELIHOOD    ABS CHANGE   REL CHANGE  ALGORITHM
              1 -0.43512891D+05    0.0000000    0.0000000  EM
              2  0.13176490D+03 ************    1.0030282  EM
              3  0.13176490D+03    0.0000000    0.0000000  EM


  TECHNICAL 8 OUTPUT FOR STARTING VALUE SET 63


   E STEP  ITER  LOGLIKELIHOOD    ABS CHANGE   REL CHANGE  ALGORITHM
              1 -0.43512891D+05    0.0000000    0.0000000  EM
              2  0.13176490D+03 ************    1.0030282  EM
              3  0.13176490D+03    0.0000000    0.0000000  EM


  TECHNICAL 8 OUTPUT FOR STARTING VALUE SET 64


   E STEP  ITER  LOGLIKELIHOOD    ABS CHANGE   REL CHANGE  ALGORITHM
              1 -0.43512891D+05    0.0000000    0.0000000  EM
              2  0.13176490D+03 ************    1.0030282  EM
              3  0.13176490D+03    0.0000000    0.0000000  EM


  TECHNICAL 8 OUTPUT FOR STARTING VALUE SET 65


   E STEP  ITER  LOGLIKELIHOOD    ABS CHANGE   REL CHANGE  ALGORITHM
              1 -0.43512891D+05    0.0000000    0.0000000  EM
              2  0.13176490D+03 ************    1.0030282  EM
              3  0.13176490D+03    0.0000000    0.0000000  EM


  TECHNICAL 8 OUTPUT FOR STARTING VALUE SET 66


   E STEP  ITER  LOGLIKELIHOOD    ABS CHANGE   REL CHANGE  ALGORITHM
              1 -0.43512891D+05    0.0000000    0.0000000  EM
              2  0.13176490D+03 ************    1.0030282  EM
              3  0.13176490D+03    0.0000000    0.0000000  EM


  TECHNICAL 8 OUTPUT FOR STARTING VALUE SET 67


   E STEP  ITER  LOGLIKELIHOOD    ABS CHANGE   REL CHANGE  ALGORITHM
              1 -0.43512891D+05    0.0000000    0.0000000  EM
              2  0.13176490D+03 ************    1.0030282  EM
              3  0.13176490D+03    0.0000000    0.0000000  EM


  TECHNICAL 8 OUTPUT FOR STARTING VALUE SET 68


   E STEP  ITER  LOGLIKELIHOOD    ABS CHANGE   REL CHANGE  ALGORITHM
              1 -0.43512891D+05    0.0000000    0.0000000  EM
              2  0.13176490D+03 ************    1.0030282  EM
              3  0.13176490D+03    0.0000000    0.0000000  EM


  TECHNICAL 8 OUTPUT FOR STARTING VALUE SET 69


   E STEP  ITER  LOGLIKELIHOOD    ABS CHANGE   REL CHANGE  ALGORITHM
              1 -0.43512891D+05    0.0000000    0.0000000  EM
              2  0.13176490D+03 ************    1.0030282  EM
              3  0.13176490D+03    0.0000000    0.0000000  EM


  TECHNICAL 8 OUTPUT FOR STARTING VALUE SET 70


   E STEP  ITER  LOGLIKELIHOOD    ABS CHANGE   REL CHANGE  ALGORITHM
              1 -0.43512891D+05    0.0000000    0.0000000  EM
              2  0.13176490D+03 ************    1.0030282  EM
              3  0.13176490D+03    0.0000000    0.0000000  EM


  TECHNICAL 8 OUTPUT FOR STARTING VALUE SET 71


   E STEP  ITER  LOGLIKELIHOOD    ABS CHANGE   REL CHANGE  ALGORITHM
              1 -0.43512891D+05    0.0000000    0.0000000  EM
              2  0.13176490D+03 ************    1.0030282  EM
              3  0.13176490D+03    0.0000000    0.0000000  EM


  TECHNICAL 8 OUTPUT FOR STARTING VALUE SET 72


   E STEP  ITER  LOGLIKELIHOOD    ABS CHANGE   REL CHANGE  ALGORITHM
              1 -0.43512891D+05    0.0000000    0.0000000  EM
              2  0.13176490D+03 ************    1.0030282  EM
              3  0.13176490D+03    0.0000000    0.0000000  EM


  TECHNICAL 8 OUTPUT FOR STARTING VALUE SET 73


   E STEP  ITER  LOGLIKELIHOOD    ABS CHANGE   REL CHANGE  ALGORITHM
              1 -0.43512891D+05    0.0000000    0.0000000  EM
              2  0.13176490D+03 ************    1.0030282  EM
              3  0.13176490D+03    0.0000000    0.0000000  EM


  TECHNICAL 8 OUTPUT FOR STARTING VALUE SET 74


   E STEP  ITER  LOGLIKELIHOOD    ABS CHANGE   REL CHANGE  ALGORITHM
              1 -0.43512891D+05    0.0000000    0.0000000  EM
              2  0.13176490D+03 ************    1.0030282  EM
              3  0.13176490D+03    0.0000000    0.0000000  EM


  TECHNICAL 8 OUTPUT FOR STARTING VALUE SET 75


   E STEP  ITER  LOGLIKELIHOOD    ABS CHANGE   REL CHANGE  ALGORITHM
              1 -0.43512891D+05    0.0000000    0.0000000  EM
              2  0.13176490D+03 ************    1.0030282  EM
              3  0.13176490D+03    0.0000000    0.0000000  EM


  TECHNICAL 8 OUTPUT FOR STARTING VALUE SET 76


   E STEP  ITER  LOGLIKELIHOOD    ABS CHANGE   REL CHANGE  ALGORITHM
              1 -0.43512891D+05    0.0000000    0.0000000  EM
              2  0.13176490D+03 ************    1.0030282  EM
              3  0.13176490D+03    0.0000000    0.0000000  EM


  TECHNICAL 8 OUTPUT FOR STARTING VALUE SET 77


   E STEP  ITER  LOGLIKELIHOOD    ABS CHANGE   REL CHANGE  ALGORITHM
              1 -0.43512891D+05    0.0000000    0.0000000  EM
              2  0.13176490D+03 ************    1.0030282  EM
              3  0.13176490D+03    0.0000000    0.0000000  EM


  TECHNICAL 8 OUTPUT FOR STARTING VALUE SET 78


   E STEP  ITER  LOGLIKELIHOOD    ABS CHANGE   REL CHANGE  ALGORITHM
              1 -0.43512891D+05    0.0000000    0.0000000  EM
              2  0.13176490D+03 ************    1.0030282  EM
              3  0.13176490D+03    0.0000000    0.0000000  EM


  TECHNICAL 8 OUTPUT FOR STARTING VALUE SET 79


   E STEP  ITER  LOGLIKELIHOOD    ABS CHANGE   REL CHANGE  ALGORITHM
              1 -0.43512891D+05    0.0000000    0.0000000  EM
              2  0.13176490D+03 ************    1.0030282  EM
              3  0.13176490D+03    0.0000000    0.0000000  EM


  TECHNICAL 8 OUTPUT FOR STARTING VALUE SET 80


   E STEP  ITER  LOGLIKELIHOOD    ABS CHANGE   REL CHANGE  ALGORITHM
              1 -0.43512891D+05    0.0000000    0.0000000  EM
              2  0.13176490D+03 ************    1.0030282  EM
              3  0.13176490D+03    0.0000000    0.0000000  EM


  TECHNICAL 8 OUTPUT FOR STARTING VALUE SET 81


   E STEP  ITER  LOGLIKELIHOOD    ABS CHANGE   REL CHANGE  ALGORITHM
              1 -0.43512891D+05    0.0000000    0.0000000  EM
              2  0.13176490D+03 ************    1.0030282  EM
              3  0.13176490D+03    0.0000000    0.0000000  EM


  TECHNICAL 8 OUTPUT FOR STARTING VALUE SET 82


   E STEP  ITER  LOGLIKELIHOOD    ABS CHANGE   REL CHANGE  ALGORITHM
              1 -0.43512891D+05    0.0000000    0.0000000  EM
              2  0.13176490D+03 ************    1.0030282  EM
              3  0.13176490D+03    0.0000000    0.0000000  EM


  TECHNICAL 8 OUTPUT FOR STARTING VALUE SET 83


   E STEP  ITER  LOGLIKELIHOOD    ABS CHANGE   REL CHANGE  ALGORITHM
              1 -0.43512891D+05    0.0000000    0.0000000  EM
              2  0.13176490D+03 ************    1.0030282  EM
              3  0.13176490D+03    0.0000000    0.0000000  EM


  TECHNICAL 8 OUTPUT FOR STARTING VALUE SET 84


   E STEP  ITER  LOGLIKELIHOOD    ABS CHANGE   REL CHANGE  ALGORITHM
              1 -0.43512891D+05    0.0000000    0.0000000  EM
              2  0.13176490D+03 ************    1.0030282  EM
              3  0.13176490D+03    0.0000000    0.0000000  EM


  TECHNICAL 8 OUTPUT FOR STARTING VALUE SET 85


   E STEP  ITER  LOGLIKELIHOOD    ABS CHANGE   REL CHANGE  ALGORITHM
              1 -0.43512891D+05    0.0000000    0.0000000  EM
              2  0.13176490D+03 ************    1.0030282  EM
              3  0.13176490D+03    0.0000000    0.0000000  EM


  TECHNICAL 8 OUTPUT FOR STARTING VALUE SET 86


   E STEP  ITER  LOGLIKELIHOOD    ABS CHANGE   REL CHANGE  ALGORITHM
              1 -0.43512891D+05    0.0000000    0.0000000  EM
              2  0.13176490D+03 ************    1.0030282  EM
              3  0.13176490D+03    0.0000000    0.0000000  EM


  TECHNICAL 8 OUTPUT FOR STARTING VALUE SET 87


   E STEP  ITER  LOGLIKELIHOOD    ABS CHANGE   REL CHANGE  ALGORITHM
              1 -0.43512891D+05    0.0000000    0.0000000  EM
              2  0.13176490D+03 ************    1.0030282  EM
              3  0.13176490D+03    0.0000000    0.0000000  EM


  TECHNICAL 8 OUTPUT FOR STARTING VALUE SET 88


   E STEP  ITER  LOGLIKELIHOOD    ABS CHANGE   REL CHANGE  ALGORITHM
              1 -0.43512891D+05    0.0000000    0.0000000  EM
              2  0.13176490D+03 ************    1.0030282  EM
              3  0.13176490D+03    0.0000000    0.0000000  EM


  TECHNICAL 8 OUTPUT FOR STARTING VALUE SET 89


   E STEP  ITER  LOGLIKELIHOOD    ABS CHANGE   REL CHANGE  ALGORITHM
              1 -0.43512891D+05    0.0000000    0.0000000  EM
              2  0.13176490D+03 ************    1.0030282  EM
              3  0.13176490D+03    0.0000000    0.0000000  EM


  TECHNICAL 8 OUTPUT FOR STARTING VALUE SET 90


   E STEP  ITER  LOGLIKELIHOOD    ABS CHANGE   REL CHANGE  ALGORITHM
              1 -0.43512891D+05    0.0000000    0.0000000  EM
              2  0.13176490D+03 ************    1.0030282  EM
              3  0.13176490D+03    0.0000000    0.0000000  EM


  TECHNICAL 8 OUTPUT FOR STARTING VALUE SET 91


   E STEP  ITER  LOGLIKELIHOOD    ABS CHANGE   REL CHANGE  ALGORITHM
              1 -0.43512891D+05    0.0000000    0.0000000  EM
              2  0.13176490D+03 ************    1.0030282  EM
              3  0.13176490D+03    0.0000000    0.0000000  EM


  TECHNICAL 8 OUTPUT FOR STARTING VALUE SET 92


   E STEP  ITER  LOGLIKELIHOOD    ABS CHANGE   REL CHANGE  ALGORITHM
              1 -0.43512891D+05    0.0000000    0.0000000  EM
              2  0.13176490D+03 ************    1.0030282  EM
              3  0.13176490D+03    0.0000000    0.0000000  EM


  TECHNICAL 8 OUTPUT FOR STARTING VALUE SET 93


   E STEP  ITER  LOGLIKELIHOOD    ABS CHANGE   REL CHANGE  ALGORITHM
              1 -0.43512891D+05    0.0000000    0.0000000  EM
              2  0.13176490D+03 ************    1.0030282  EM
              3  0.13176490D+03    0.0000000    0.0000000  EM


  TECHNICAL 8 OUTPUT FOR STARTING VALUE SET 94


   E STEP  ITER  LOGLIKELIHOOD    ABS CHANGE   REL CHANGE  ALGORITHM
              1 -0.43512891D+05    0.0000000    0.0000000  EM
              2  0.13176490D+03 ************    1.0030282  EM
              3  0.13176490D+03    0.0000000    0.0000000  EM


  TECHNICAL 8 OUTPUT FOR STARTING VALUE SET 95


   E STEP  ITER  LOGLIKELIHOOD    ABS CHANGE   REL CHANGE  ALGORITHM
              1 -0.43512891D+05    0.0000000    0.0000000  EM
              2  0.13176490D+03 ************    1.0030282  EM
              3  0.13176490D+03    0.0000000    0.0000000  EM


  TECHNICAL 8 OUTPUT FOR STARTING VALUE SET 96


   E STEP  ITER  LOGLIKELIHOOD    ABS CHANGE   REL CHANGE  ALGORITHM
              1 -0.43512891D+05    0.0000000    0.0000000  EM
              2  0.13176490D+03 ************    1.0030282  EM
              3  0.13176490D+03    0.0000000    0.0000000  EM


  TECHNICAL 8 OUTPUT FOR STARTING VALUE SET 97


   E STEP  ITER  LOGLIKELIHOOD    ABS CHANGE   REL CHANGE  ALGORITHM
              1 -0.43512891D+05    0.0000000    0.0000000  EM
              2  0.13176490D+03 ************    1.0030282  EM
              3  0.13176490D+03    0.0000000    0.0000000  EM


  TECHNICAL 8 OUTPUT FOR STARTING VALUE SET 98


   E STEP  ITER  LOGLIKELIHOOD    ABS CHANGE   REL CHANGE  ALGORITHM
              1 -0.43512891D+05    0.0000000    0.0000000  EM
              2  0.13176490D+03 ************    1.0030282  EM
              3  0.13176490D+03    0.0000000    0.0000000  EM


  TECHNICAL 8 OUTPUT FOR STARTING VALUE SET 99


   E STEP  ITER  LOGLIKELIHOOD    ABS CHANGE   REL CHANGE  ALGORITHM
              1 -0.43512891D+05    0.0000000    0.0000000  EM
              2  0.13176490D+03 ************    1.0030282  EM
              3  0.13176490D+03    0.0000000    0.0000000  EM


  TECHNICAL 8 OUTPUT FOR STARTING VALUE SET 100


   E STEP  ITER  LOGLIKELIHOOD    ABS CHANGE   REL CHANGE  ALGORITHM
              1 -0.43512891D+05    0.0000000    0.0000000  EM
              2  0.13176490D+03 ************    1.0030282  EM
              3  0.13176490D+03    0.0000000    0.0000000  EM


  TECHNICAL 8 OUTPUT FOR STARTING VALUE SET 101


   E STEP  ITER  LOGLIKELIHOOD    ABS CHANGE   REL CHANGE  ALGORITHM
              1 -0.43512891D+05    0.0000000    0.0000000  EM
              2  0.13176490D+03 ************    1.0030282  EM
              3  0.13176490D+03    0.0000000    0.0000000  EM


  TECHNICAL 8 OUTPUT FOR STARTING VALUE SET 102


   E STEP  ITER  LOGLIKELIHOOD    ABS CHANGE   REL CHANGE  ALGORITHM
              1 -0.43512891D+05    0.0000000    0.0000000  EM
              2  0.13176490D+03 ************    1.0030282  EM
              3  0.13176490D+03    0.0000000    0.0000000  EM


  TECHNICAL 8 OUTPUT FOR STARTING VALUE SET 103


   E STEP  ITER  LOGLIKELIHOOD    ABS CHANGE   REL CHANGE  ALGORITHM
              1 -0.43512891D+05    0.0000000    0.0000000  EM
              2  0.13176490D+03 ************    1.0030282  EM
              3  0.13176490D+03    0.0000000    0.0000000  EM


  TECHNICAL 8 OUTPUT FOR STARTING VALUE SET 104


   E STEP  ITER  LOGLIKELIHOOD    ABS CHANGE   REL CHANGE  ALGORITHM
              1 -0.43512891D+05    0.0000000    0.0000000  EM
              2  0.13176490D+03 ************    1.0030282  EM
              3  0.13176490D+03    0.0000000    0.0000000  EM


  TECHNICAL 8 OUTPUT FOR STARTING VALUE SET 105


   E STEP  ITER  LOGLIKELIHOOD    ABS CHANGE   REL CHANGE  ALGORITHM
              1 -0.43512891D+05    0.0000000    0.0000000  EM
              2  0.13176490D+03 ************    1.0030282  EM
              3  0.13176490D+03    0.0000000    0.0000000  EM


  TECHNICAL 8 OUTPUT FOR STARTING VALUE SET 106


   E STEP  ITER  LOGLIKELIHOOD    ABS CHANGE   REL CHANGE  ALGORITHM
              1 -0.43512891D+05    0.0000000    0.0000000  EM
              2  0.13176490D+03 ************    1.0030282  EM
              3  0.13176490D+03    0.0000000    0.0000000  EM


  TECHNICAL 8 OUTPUT FOR STARTING VALUE SET 107


   E STEP  ITER  LOGLIKELIHOOD    ABS CHANGE   REL CHANGE  ALGORITHM
              1 -0.43512891D+05    0.0000000    0.0000000  EM
              2  0.13176490D+03 ************    1.0030282  EM
              3  0.13176490D+03    0.0000000    0.0000000  EM


  TECHNICAL 8 OUTPUT FOR STARTING VALUE SET 108


   E STEP  ITER  LOGLIKELIHOOD    ABS CHANGE   REL CHANGE  ALGORITHM
              1 -0.43512891D+05    0.0000000    0.0000000  EM
              2  0.13176490D+03 ************    1.0030282  EM
              3  0.13176490D+03    0.0000000    0.0000000  EM


  TECHNICAL 8 OUTPUT FOR STARTING VALUE SET 109


   E STEP  ITER  LOGLIKELIHOOD    ABS CHANGE   REL CHANGE  ALGORITHM
              1 -0.43512891D+05    0.0000000    0.0000000  EM
              2  0.13176490D+03 ************    1.0030282  EM
              3  0.13176490D+03    0.0000000    0.0000000  EM


  TECHNICAL 8 OUTPUT FOR STARTING VALUE SET 110


   E STEP  ITER  LOGLIKELIHOOD    ABS CHANGE   REL CHANGE  ALGORITHM
              1 -0.43512891D+05    0.0000000    0.0000000  EM
              2  0.13176490D+03 ************    1.0030282  EM
              3  0.13176490D+03    0.0000000    0.0000000  EM


  TECHNICAL 8 OUTPUT FOR STARTING VALUE SET 111


   E STEP  ITER  LOGLIKELIHOOD    ABS CHANGE   REL CHANGE  ALGORITHM
              1 -0.43512891D+05    0.0000000    0.0000000  EM
              2  0.13176490D+03 ************    1.0030282  EM
              3  0.13176490D+03    0.0000000    0.0000000  EM


  TECHNICAL 8 OUTPUT FOR STARTING VALUE SET 112


   E STEP  ITER  LOGLIKELIHOOD    ABS CHANGE   REL CHANGE  ALGORITHM
              1 -0.43512891D+05    0.0000000    0.0000000  EM
              2  0.13176490D+03 ************    1.0030282  EM
              3  0.13176490D+03    0.0000000    0.0000000  EM


  TECHNICAL 8 OUTPUT FOR STARTING VALUE SET 113


   E STEP  ITER  LOGLIKELIHOOD    ABS CHANGE   REL CHANGE  ALGORITHM
              1 -0.43512891D+05    0.0000000    0.0000000  EM
              2  0.13176490D+03 ************    1.0030282  EM
              3  0.13176490D+03    0.0000000    0.0000000  EM


  TECHNICAL 8 OUTPUT FOR STARTING VALUE SET 114


   E STEP  ITER  LOGLIKELIHOOD    ABS CHANGE   REL CHANGE  ALGORITHM
              1 -0.43512891D+05    0.0000000    0.0000000  EM
              2  0.13176490D+03 ************    1.0030282  EM
              3  0.13176490D+03    0.0000000    0.0000000  EM


  TECHNICAL 8 OUTPUT FOR STARTING VALUE SET 115


   E STEP  ITER  LOGLIKELIHOOD    ABS CHANGE   REL CHANGE  ALGORITHM
              1 -0.43512891D+05    0.0000000    0.0000000  EM
              2  0.13176490D+03 ************    1.0030282  EM
              3  0.13176490D+03    0.0000000    0.0000000  EM


  TECHNICAL 8 OUTPUT FOR STARTING VALUE SET 116


   E STEP  ITER  LOGLIKELIHOOD    ABS CHANGE   REL CHANGE  ALGORITHM
              1 -0.43512891D+05    0.0000000    0.0000000  EM
              2  0.13176490D+03 ************    1.0030282  EM
              3  0.13176490D+03    0.0000000    0.0000000  EM


  TECHNICAL 8 OUTPUT FOR STARTING VALUE SET 117


   E STEP  ITER  LOGLIKELIHOOD    ABS CHANGE   REL CHANGE  ALGORITHM
              1 -0.43512891D+05    0.0000000    0.0000000  EM
              2  0.13176490D+03 ************    1.0030282  EM
              3  0.13176490D+03    0.0000000    0.0000000  EM


  TECHNICAL 8 OUTPUT FOR STARTING VALUE SET 118


   E STEP  ITER  LOGLIKELIHOOD    ABS CHANGE   REL CHANGE  ALGORITHM
              1 -0.43512891D+05    0.0000000    0.0000000  EM
              2  0.13176490D+03 ************    1.0030282  EM
              3  0.13176490D+03    0.0000000    0.0000000  EM


  TECHNICAL 8 OUTPUT FOR STARTING VALUE SET 119


   E STEP  ITER  LOGLIKELIHOOD    ABS CHANGE   REL CHANGE  ALGORITHM
              1 -0.43512891D+05    0.0000000    0.0000000  EM
              2  0.13176490D+03 ************    1.0030282  EM
              3  0.13176490D+03    0.0000000    0.0000000  EM


  TECHNICAL 8 OUTPUT FOR STARTING VALUE SET 120


   E STEP  ITER  LOGLIKELIHOOD    ABS CHANGE   REL CHANGE  ALGORITHM
              1 -0.43512891D+05    0.0000000    0.0000000  EM
              2  0.13176490D+03 ************    1.0030282  EM
              3  0.13176490D+03    0.0000000    0.0000000  EM


  TECHNICAL 8 OUTPUT FOR STARTING VALUE SET 121


   E STEP  ITER  LOGLIKELIHOOD    ABS CHANGE   REL CHANGE  ALGORITHM
              1 -0.43512891D+05    0.0000000    0.0000000  EM
              2  0.13176490D+03 ************    1.0030282  EM
              3  0.13176490D+03    0.0000000    0.0000000  EM


  TECHNICAL 8 OUTPUT FOR STARTING VALUE SET 122


   E STEP  ITER  LOGLIKELIHOOD    ABS CHANGE   REL CHANGE  ALGORITHM
              1 -0.43414833D+05    0.0000000    0.0000000  EM
              2  0.13176490D+03 ************    1.0030350  EM
              3  0.13176490D+03    0.0000000    0.0000000  EM


  TECHNICAL 8 OUTPUT FOR STARTING VALUE SET 123


   E STEP  ITER  LOGLIKELIHOOD    ABS CHANGE   REL CHANGE  ALGORITHM
              1 -0.43512891D+05    0.0000000    0.0000000  EM
              2  0.13176490D+03 ************    1.0030282  EM
              3  0.13176490D+03    0.0000000    0.0000000  EM


  TECHNICAL 8 OUTPUT FOR STARTING VALUE SET 124


   E STEP  ITER  LOGLIKELIHOOD    ABS CHANGE   REL CHANGE  ALGORITHM
              1 -0.43512891D+05    0.0000000    0.0000000  EM
              2  0.13176490D+03 ************    1.0030282  EM
              3  0.13176490D+03    0.0000000    0.0000000  EM


  TECHNICAL 8 OUTPUT FOR STARTING VALUE SET 125


   E STEP  ITER  LOGLIKELIHOOD    ABS CHANGE   REL CHANGE  ALGORITHM
              1 -0.43512891D+05    0.0000000    0.0000000  EM
              2  0.13176490D+03 ************    1.0030282  EM
              3  0.13176490D+03    0.0000000    0.0000000  EM


  TECHNICAL 8 OUTPUT FOR STARTING VALUE SET 126


   E STEP  ITER  LOGLIKELIHOOD    ABS CHANGE   REL CHANGE  ALGORITHM
              1 -0.43512891D+05    0.0000000    0.0000000  EM
              2  0.13176490D+03 ************    1.0030282  EM
              3  0.13176490D+03    0.0000000    0.0000000  EM


  TECHNICAL 8 OUTPUT FOR STARTING VALUE SET 127


   E STEP  ITER  LOGLIKELIHOOD    ABS CHANGE   REL CHANGE  ALGORITHM
              1 -0.43512891D+05    0.0000000    0.0000000  EM
              2  0.13176490D+03 ************    1.0030282  EM
              3  0.13176490D+03    0.0000000    0.0000000  EM


  TECHNICAL 8 OUTPUT FOR STARTING VALUE SET 128


   E STEP  ITER  LOGLIKELIHOOD    ABS CHANGE   REL CHANGE  ALGORITHM
              1 -0.43512891D+05    0.0000000    0.0000000  EM
              2  0.13176490D+03 ************    1.0030282  EM
              3  0.13176490D+03    0.0000000    0.0000000  EM


  TECHNICAL 8 OUTPUT FOR STARTING VALUE SET 129


   E STEP  ITER  LOGLIKELIHOOD    ABS CHANGE   REL CHANGE  ALGORITHM
              1 -0.43512891D+05    0.0000000    0.0000000  EM
              2  0.13176490D+03 ************    1.0030282  EM
              3  0.13176490D+03    0.0000000    0.0000000  EM


  TECHNICAL 8 OUTPUT FOR STARTING VALUE SET 130


   E STEP  ITER  LOGLIKELIHOOD    ABS CHANGE   REL CHANGE  ALGORITHM
              1 -0.43512891D+05    0.0000000    0.0000000  EM
              2  0.13176490D+03 ************    1.0030282  EM
              3  0.13176490D+03    0.0000000    0.0000000  EM


  TECHNICAL 8 OUTPUT FOR STARTING VALUE SET 131


   E STEP  ITER  LOGLIKELIHOOD    ABS CHANGE   REL CHANGE  ALGORITHM
              1 -0.43512891D+05    0.0000000    0.0000000  EM
              2  0.13176490D+03 ************    1.0030282  EM
              3  0.13176490D+03    0.0000000    0.0000000  EM


  TECHNICAL 8 OUTPUT FOR STARTING VALUE SET 132


   E STEP  ITER  LOGLIKELIHOOD    ABS CHANGE   REL CHANGE  ALGORITHM
              1 -0.43512891D+05    0.0000000    0.0000000  EM
              2  0.13176490D+03 ************    1.0030282  EM
              3  0.13176490D+03    0.0000000    0.0000000  EM


  TECHNICAL 8 OUTPUT FOR STARTING VALUE SET 133


   E STEP  ITER  LOGLIKELIHOOD    ABS CHANGE   REL CHANGE  ALGORITHM
              1 -0.43512891D+05    0.0000000    0.0000000  EM
              2  0.13176490D+03 ************    1.0030282  EM
              3  0.13176490D+03    0.0000000    0.0000000  EM


  TECHNICAL 8 OUTPUT FOR STARTING VALUE SET 134


   E STEP  ITER  LOGLIKELIHOOD    ABS CHANGE   REL CHANGE  ALGORITHM
              1 -0.43512891D+05    0.0000000    0.0000000  EM
              2  0.13176490D+03 ************    1.0030282  EM
              3  0.13176490D+03    0.0000000    0.0000000  EM


  TECHNICAL 8 OUTPUT FOR STARTING VALUE SET 135


   E STEP  ITER  LOGLIKELIHOOD    ABS CHANGE   REL CHANGE  ALGORITHM
              1 -0.43512891D+05    0.0000000    0.0000000  EM
              2  0.13176490D+03 ************    1.0030282  EM
              3  0.13176490D+03    0.0000000    0.0000000  EM


  TECHNICAL 8 OUTPUT FOR STARTING VALUE SET 136


   E STEP  ITER  LOGLIKELIHOOD    ABS CHANGE   REL CHANGE  ALGORITHM
              1 -0.43512891D+05    0.0000000    0.0000000  EM
              2  0.13176490D+03 ************    1.0030282  EM
              3  0.13176490D+03    0.0000000    0.0000000  EM


  TECHNICAL 8 OUTPUT FOR STARTING VALUE SET 137


   E STEP  ITER  LOGLIKELIHOOD    ABS CHANGE   REL CHANGE  ALGORITHM
              1 -0.43512891D+05    0.0000000    0.0000000  EM
              2  0.13176490D+03 ************    1.0030282  EM
              3  0.13176490D+03    0.0000000    0.0000000  EM


  TECHNICAL 8 OUTPUT FOR STARTING VALUE SET 138


   E STEP  ITER  LOGLIKELIHOOD    ABS CHANGE   REL CHANGE  ALGORITHM
              1 -0.43512891D+05    0.0000000    0.0000000  EM
              2  0.13176490D+03 ************    1.0030282  EM
              3  0.13176490D+03    0.0000000    0.0000000  EM


  TECHNICAL 8 OUTPUT FOR STARTING VALUE SET 139


   E STEP  ITER  LOGLIKELIHOOD    ABS CHANGE   REL CHANGE  ALGORITHM
              1 -0.43512891D+05    0.0000000    0.0000000  EM
              2  0.13176490D+03 ************    1.0030282  EM
              3  0.13176490D+03    0.0000000    0.0000000  EM


  TECHNICAL 8 OUTPUT FOR STARTING VALUE SET 140


   E STEP  ITER  LOGLIKELIHOOD    ABS CHANGE   REL CHANGE  ALGORITHM
              1 -0.43512891D+05    0.0000000    0.0000000  EM
              2  0.13176490D+03 ************    1.0030282  EM
              3  0.13176490D+03    0.0000000    0.0000000  EM


  TECHNICAL 8 OUTPUT FOR STARTING VALUE SET 141


   E STEP  ITER  LOGLIKELIHOOD    ABS CHANGE   REL CHANGE  ALGORITHM
              1 -0.43512891D+05    0.0000000    0.0000000  EM
              2  0.13176490D+03 ************    1.0030282  EM
              3  0.13176490D+03    0.0000000    0.0000000  EM


  TECHNICAL 8 OUTPUT FOR STARTING VALUE SET 142


   E STEP  ITER  LOGLIKELIHOOD    ABS CHANGE   REL CHANGE  ALGORITHM
              1 -0.43512891D+05    0.0000000    0.0000000  EM
              2  0.13176490D+03 ************    1.0030282  EM
              3  0.13176490D+03    0.0000000    0.0000000  EM


  TECHNICAL 8 OUTPUT FOR STARTING VALUE SET 143


   E STEP  ITER  LOGLIKELIHOOD    ABS CHANGE   REL CHANGE  ALGORITHM
              1 -0.43512891D+05    0.0000000    0.0000000  EM
              2  0.13176490D+03 ************    1.0030282  EM
              3  0.13176490D+03    0.0000000    0.0000000  EM


  TECHNICAL 8 OUTPUT FOR STARTING VALUE SET 144


   E STEP  ITER  LOGLIKELIHOOD    ABS CHANGE   REL CHANGE  ALGORITHM
              1 -0.43512891D+05    0.0000000    0.0000000  EM
              2  0.13176490D+03 ************    1.0030282  EM
              3  0.13176490D+03    0.0000000    0.0000000  EM


  TECHNICAL 8 OUTPUT FOR STARTING VALUE SET 145


   E STEP  ITER  LOGLIKELIHOOD    ABS CHANGE   REL CHANGE  ALGORITHM
              1 -0.43512891D+05    0.0000000    0.0000000  EM
              2  0.13176490D+03 ************    1.0030282  EM
              3  0.13176490D+03    0.0000000    0.0000000  EM


  TECHNICAL 8 OUTPUT FOR STARTING VALUE SET 146


   E STEP  ITER  LOGLIKELIHOOD    ABS CHANGE   REL CHANGE  ALGORITHM
              1 -0.43512891D+05    0.0000000    0.0000000  EM
              2  0.13176490D+03 ************    1.0030282  EM
              3  0.13176490D+03    0.0000000    0.0000000  EM


  TECHNICAL 8 OUTPUT FOR STARTING VALUE SET 147


   E STEP  ITER  LOGLIKELIHOOD    ABS CHANGE   REL CHANGE  ALGORITHM
              1 -0.43512891D+05    0.0000000    0.0000000  EM
              2  0.13176490D+03 ************    1.0030282  EM
              3  0.13176490D+03    0.0000000    0.0000000  EM


  TECHNICAL 8 OUTPUT FOR STARTING VALUE SET 148


   E STEP  ITER  LOGLIKELIHOOD    ABS CHANGE   REL CHANGE  ALGORITHM
              1 -0.31855226D+05    0.0000000    0.0000000  EM
              2  0.13176490D+03 ************    1.0041364  EM
              3  0.13176490D+03    0.0000000    0.0000000  EM


  TECHNICAL 8 OUTPUT FOR STARTING VALUE SET 149


   E STEP  ITER  LOGLIKELIHOOD    ABS CHANGE   REL CHANGE  ALGORITHM
              1 -0.43512891D+05    0.0000000    0.0000000  EM
              2  0.13176490D+03 ************    1.0030282  EM
              3  0.13176490D+03    0.0000000    0.0000000  EM


  TECHNICAL 8 OUTPUT FOR STARTING VALUE SET 150


   E STEP  ITER  LOGLIKELIHOOD    ABS CHANGE   REL CHANGE  ALGORITHM
              1 -0.43512891D+05    0.0000000    0.0000000  EM
              2  0.13176490D+03 ************    1.0030282  EM
              3  0.13176490D+03    0.0000000    0.0000000  EM


  TECHNICAL 8 OUTPUT FOR STARTING VALUE SET 151


   E STEP  ITER  LOGLIKELIHOOD    ABS CHANGE   REL CHANGE  ALGORITHM
              1 -0.43512891D+05    0.0000000    0.0000000  EM
              2  0.13176490D+03 ************    1.0030282  EM
              3  0.13176490D+03    0.0000000    0.0000000  EM


  TECHNICAL 8 OUTPUT FOR STARTING VALUE SET 152


   E STEP  ITER  LOGLIKELIHOOD    ABS CHANGE   REL CHANGE  ALGORITHM
              1 -0.43512891D+05    0.0000000    0.0000000  EM
              2  0.13176490D+03 ************    1.0030282  EM
              3  0.13176490D+03    0.0000000    0.0000000  EM


  TECHNICAL 8 OUTPUT FOR STARTING VALUE SET 153


   E STEP  ITER  LOGLIKELIHOOD    ABS CHANGE   REL CHANGE  ALGORITHM
              1 -0.43512891D+05    0.0000000    0.0000000  EM
              2  0.13176490D+03 ************    1.0030282  EM
              3  0.13176490D+03    0.0000000    0.0000000  EM


  TECHNICAL 8 OUTPUT FOR STARTING VALUE SET 154


   E STEP  ITER  LOGLIKELIHOOD    ABS CHANGE   REL CHANGE  ALGORITHM
              1 -0.43512891D+05    0.0000000    0.0000000  EM
              2  0.13176490D+03 ************    1.0030282  EM
              3  0.13176490D+03    0.0000000    0.0000000  EM


  TECHNICAL 8 OUTPUT FOR STARTING VALUE SET 155


   E STEP  ITER  LOGLIKELIHOOD    ABS CHANGE   REL CHANGE  ALGORITHM
              1 -0.43512891D+05    0.0000000    0.0000000  EM
              2  0.13176490D+03 ************    1.0030282  EM
              3  0.13176490D+03    0.0000000    0.0000000  EM


  TECHNICAL 8 OUTPUT FOR STARTING VALUE SET 156


   E STEP  ITER  LOGLIKELIHOOD    ABS CHANGE   REL CHANGE  ALGORITHM
              1 -0.43512891D+05    0.0000000    0.0000000  EM
              2  0.13176490D+03 ************    1.0030282  EM
              3  0.13176490D+03    0.0000000    0.0000000  EM


  TECHNICAL 8 OUTPUT FOR STARTING VALUE SET 157


   E STEP  ITER  LOGLIKELIHOOD    ABS CHANGE   REL CHANGE  ALGORITHM
              1 -0.43512891D+05    0.0000000    0.0000000  EM
              2  0.13176490D+03 ************    1.0030282  EM
              3  0.13176490D+03    0.0000000    0.0000000  EM


  TECHNICAL 8 OUTPUT FOR STARTING VALUE SET 158


   E STEP  ITER  LOGLIKELIHOOD    ABS CHANGE   REL CHANGE  ALGORITHM
              1 -0.43512891D+05    0.0000000    0.0000000  EM
              2  0.13176490D+03 ************    1.0030282  EM
              3  0.13176490D+03    0.0000000    0.0000000  EM


  TECHNICAL 8 OUTPUT FOR STARTING VALUE SET 159


   E STEP  ITER  LOGLIKELIHOOD    ABS CHANGE   REL CHANGE  ALGORITHM
              1 -0.43512891D+05    0.0000000    0.0000000  EM
              2  0.13176490D+03 ************    1.0030282  EM
              3  0.13176490D+03    0.0000000    0.0000000  EM


  TECHNICAL 8 OUTPUT FOR STARTING VALUE SET 160


   E STEP  ITER  LOGLIKELIHOOD    ABS CHANGE   REL CHANGE  ALGORITHM
              1 -0.43512891D+05    0.0000000    0.0000000  EM
              2  0.13176490D+03 ************    1.0030282  EM
              3  0.13176490D+03    0.0000000    0.0000000  EM


  TECHNICAL 8 OUTPUT FOR STARTING VALUE SET 161


   E STEP  ITER  LOGLIKELIHOOD    ABS CHANGE   REL CHANGE  ALGORITHM
              1 -0.43512891D+05    0.0000000    0.0000000  EM
              2  0.13176490D+03 ************    1.0030282  EM
              3  0.13176490D+03    0.0000000    0.0000000  EM


  TECHNICAL 8 OUTPUT FOR STARTING VALUE SET 162


   E STEP  ITER  LOGLIKELIHOOD    ABS CHANGE   REL CHANGE  ALGORITHM
              1 -0.43512891D+05    0.0000000    0.0000000  EM
              2  0.13176490D+03 ************    1.0030282  EM
              3  0.13176490D+03    0.0000000    0.0000000  EM


  TECHNICAL 8 OUTPUT FOR STARTING VALUE SET 163


   E STEP  ITER  LOGLIKELIHOOD    ABS CHANGE   REL CHANGE  ALGORITHM
              1 -0.43512891D+05    0.0000000    0.0000000  EM
              2  0.13176490D+03 ************    1.0030282  EM
              3  0.13176490D+03    0.0000000    0.0000000  EM


  TECHNICAL 8 OUTPUT FOR STARTING VALUE SET 164


   E STEP  ITER  LOGLIKELIHOOD    ABS CHANGE   REL CHANGE  ALGORITHM
              1 -0.43512891D+05    0.0000000    0.0000000  EM
              2  0.13176490D+03 ************    1.0030282  EM
              3  0.13176490D+03    0.0000000    0.0000000  EM


  TECHNICAL 8 OUTPUT FOR STARTING VALUE SET 165


   E STEP  ITER  LOGLIKELIHOOD    ABS CHANGE   REL CHANGE  ALGORITHM
              1 -0.43512891D+05    0.0000000    0.0000000  EM
              2  0.13176490D+03 ************    1.0030282  EM
              3  0.13176490D+03    0.0000000    0.0000000  EM


  TECHNICAL 8 OUTPUT FOR STARTING VALUE SET 166


   E STEP  ITER  LOGLIKELIHOOD    ABS CHANGE   REL CHANGE  ALGORITHM
              1 -0.43512891D+05    0.0000000    0.0000000  EM
              2  0.13176490D+03 ************    1.0030282  EM
              3  0.13176490D+03    0.0000000    0.0000000  EM


  TECHNICAL 8 OUTPUT FOR STARTING VALUE SET 167


   E STEP  ITER  LOGLIKELIHOOD    ABS CHANGE   REL CHANGE  ALGORITHM
              1 -0.43512891D+05    0.0000000    0.0000000  EM
              2  0.13176490D+03 ************    1.0030282  EM
              3  0.13176490D+03    0.0000000    0.0000000  EM


  TECHNICAL 8 OUTPUT FOR STARTING VALUE SET 168


   E STEP  ITER  LOGLIKELIHOOD    ABS CHANGE   REL CHANGE  ALGORITHM
              1 -0.43512891D+05    0.0000000    0.0000000  EM
              2  0.13176490D+03 ************    1.0030282  EM
              3  0.13176490D+03    0.0000000    0.0000000  EM


  TECHNICAL 8 OUTPUT FOR STARTING VALUE SET 169


   E STEP  ITER  LOGLIKELIHOOD    ABS CHANGE   REL CHANGE  ALGORITHM
              1 -0.43512891D+05    0.0000000    0.0000000  EM
              2  0.13176490D+03 ************    1.0030282  EM
              3  0.13176490D+03    0.0000000    0.0000000  EM


  TECHNICAL 8 OUTPUT FOR STARTING VALUE SET 170


   E STEP  ITER  LOGLIKELIHOOD    ABS CHANGE   REL CHANGE  ALGORITHM
              1 -0.43512891D+05    0.0000000    0.0000000  EM
              2  0.13176490D+03 ************    1.0030282  EM
              3  0.13176490D+03    0.0000000    0.0000000  EM


  TECHNICAL 8 OUTPUT FOR STARTING VALUE SET 171


   E STEP  ITER  LOGLIKELIHOOD    ABS CHANGE   REL CHANGE  ALGORITHM
              1 -0.43512891D+05    0.0000000    0.0000000  EM
              2  0.13176490D+03 ************    1.0030282  EM
              3  0.13176490D+03    0.0000000    0.0000000  EM


  TECHNICAL 8 OUTPUT FOR STARTING VALUE SET 172


   E STEP  ITER  LOGLIKELIHOOD    ABS CHANGE   REL CHANGE  ALGORITHM
              1 -0.43512891D+05    0.0000000    0.0000000  EM
              2  0.13176490D+03 ************    1.0030282  EM
              3  0.13176490D+03    0.0000000    0.0000000  EM


  TECHNICAL 8 OUTPUT FOR STARTING VALUE SET 173


   E STEP  ITER  LOGLIKELIHOOD    ABS CHANGE   REL CHANGE  ALGORITHM
              1 -0.43512891D+05    0.0000000    0.0000000  EM
              2  0.13176490D+03 ************    1.0030282  EM
              3  0.13176490D+03    0.0000000    0.0000000  EM


  TECHNICAL 8 OUTPUT FOR STARTING VALUE SET 174


   E STEP  ITER  LOGLIKELIHOOD    ABS CHANGE   REL CHANGE  ALGORITHM
              1 -0.43512891D+05    0.0000000    0.0000000  EM
              2  0.13176490D+03 ************    1.0030282  EM
              3  0.13176490D+03    0.0000000    0.0000000  EM


  TECHNICAL 8 OUTPUT FOR STARTING VALUE SET 175


   E STEP  ITER  LOGLIKELIHOOD    ABS CHANGE   REL CHANGE  ALGORITHM
              1 -0.43512891D+05    0.0000000    0.0000000  EM
              2  0.13176490D+03 ************    1.0030282  EM
              3  0.13176490D+03    0.0000000    0.0000000  EM


  TECHNICAL 8 OUTPUT FOR STARTING VALUE SET 176


   E STEP  ITER  LOGLIKELIHOOD    ABS CHANGE   REL CHANGE  ALGORITHM
              1 -0.43512891D+05    0.0000000    0.0000000  EM
              2  0.13176490D+03 ************    1.0030282  EM
              3  0.13176490D+03    0.0000000    0.0000000  EM


  TECHNICAL 8 OUTPUT FOR STARTING VALUE SET 177


   E STEP  ITER  LOGLIKELIHOOD    ABS CHANGE   REL CHANGE  ALGORITHM
              1 -0.43512891D+05    0.0000000    0.0000000  EM
              2  0.13176490D+03 ************    1.0030282  EM
              3  0.13176490D+03    0.0000000    0.0000000  EM


  TECHNICAL 8 OUTPUT FOR STARTING VALUE SET 178


   E STEP  ITER  LOGLIKELIHOOD    ABS CHANGE   REL CHANGE  ALGORITHM
              1 -0.43512891D+05    0.0000000    0.0000000  EM
              2  0.13176490D+03 ************    1.0030282  EM
              3  0.13176490D+03    0.0000000    0.0000000  EM


  TECHNICAL 8 OUTPUT FOR STARTING VALUE SET 179


   E STEP  ITER  LOGLIKELIHOOD    ABS CHANGE   REL CHANGE  ALGORITHM
              1 -0.43512891D+05    0.0000000    0.0000000  EM
              2  0.13176490D+03 ************    1.0030282  EM
              3  0.13176490D+03    0.0000000    0.0000000  EM


  TECHNICAL 8 OUTPUT FOR STARTING VALUE SET 180


   E STEP  ITER  LOGLIKELIHOOD    ABS CHANGE   REL CHANGE  ALGORITHM
              1 -0.43512891D+05    0.0000000    0.0000000  EM
              2  0.13176490D+03 ************    1.0030282  EM
              3  0.13176490D+03    0.0000000    0.0000000  EM


  TECHNICAL 8 OUTPUT FOR STARTING VALUE SET 181


   E STEP  ITER  LOGLIKELIHOOD    ABS CHANGE   REL CHANGE  ALGORITHM
              1 -0.43512891D+05    0.0000000    0.0000000  EM
              2  0.13176490D+03 ************    1.0030282  EM
              3  0.13176490D+03    0.0000000    0.0000000  EM


  TECHNICAL 8 OUTPUT FOR STARTING VALUE SET 182


   E STEP  ITER  LOGLIKELIHOOD    ABS CHANGE   REL CHANGE  ALGORITHM
              1 -0.43512891D+05    0.0000000    0.0000000  EM
              2  0.13176490D+03 ************    1.0030282  EM
              3  0.13176490D+03    0.0000000    0.0000000  EM


  TECHNICAL 8 OUTPUT FOR STARTING VALUE SET 183


   E STEP  ITER  LOGLIKELIHOOD    ABS CHANGE   REL CHANGE  ALGORITHM
              1 -0.43512891D+05    0.0000000    0.0000000  EM
              2  0.13176490D+03 ************    1.0030282  EM
              3  0.13176490D+03    0.0000000    0.0000000  EM


  TECHNICAL 8 OUTPUT FOR STARTING VALUE SET 184


   E STEP  ITER  LOGLIKELIHOOD    ABS CHANGE   REL CHANGE  ALGORITHM
              1 -0.86389011D+04    0.0000000    0.0000000  EM
              2  0.13176490D+03 8770.6660056    1.0152525  EM
              3  0.13176490D+03    0.0000000    0.0000000  EM


  TECHNICAL 8 OUTPUT FOR STARTING VALUE SET 185


   E STEP  ITER  LOGLIKELIHOOD    ABS CHANGE   REL CHANGE  ALGORITHM
              1 -0.43512891D+05    0.0000000    0.0000000  EM
              2  0.13176490D+03 ************    1.0030282  EM
              3  0.13176490D+03    0.0000000    0.0000000  EM


  TECHNICAL 8 OUTPUT FOR STARTING VALUE SET 186


   E STEP  ITER  LOGLIKELIHOOD    ABS CHANGE   REL CHANGE  ALGORITHM
              1 -0.43512891D+05    0.0000000    0.0000000  EM
              2  0.13176490D+03 ************    1.0030282  EM
              3  0.13176490D+03    0.0000000    0.0000000  EM


  TECHNICAL 8 OUTPUT FOR STARTING VALUE SET 187


   E STEP  ITER  LOGLIKELIHOOD    ABS CHANGE   REL CHANGE  ALGORITHM
              1 -0.43512891D+05    0.0000000    0.0000000  EM
              2  0.13176490D+03 ************    1.0030282  EM
              3  0.13176490D+03    0.0000000    0.0000000  EM


  TECHNICAL 8 OUTPUT FOR STARTING VALUE SET 188


   E STEP  ITER  LOGLIKELIHOOD    ABS CHANGE   REL CHANGE  ALGORITHM
              1 -0.43512891D+05    0.0000000    0.0000000  EM
              2  0.13176490D+03 ************    1.0030282  EM
              3  0.13176490D+03    0.0000000    0.0000000  EM


  TECHNICAL 8 OUTPUT FOR STARTING VALUE SET 189


   E STEP  ITER  LOGLIKELIHOOD    ABS CHANGE   REL CHANGE  ALGORITHM
              1 -0.43512891D+05    0.0000000    0.0000000  EM
              2  0.13176490D+03 ************    1.0030282  EM
              3  0.13176490D+03    0.0000000    0.0000000  EM


  TECHNICAL 8 OUTPUT FOR STARTING VALUE SET 190


   E STEP  ITER  LOGLIKELIHOOD    ABS CHANGE   REL CHANGE  ALGORITHM
              1 -0.43512891D+05    0.0000000    0.0000000  EM
              2  0.13176490D+03 ************    1.0030282  EM
              3  0.13176490D+03    0.0000000    0.0000000  EM


  TECHNICAL 8 OUTPUT FOR STARTING VALUE SET 191


   E STEP  ITER  LOGLIKELIHOOD    ABS CHANGE   REL CHANGE  ALGORITHM
              1 -0.43512891D+05    0.0000000    0.0000000  EM
              2  0.13176490D+03 ************    1.0030282  EM
              3  0.13176490D+03    0.0000000    0.0000000  EM


  TECHNICAL 8 OUTPUT FOR STARTING VALUE SET 192


   E STEP  ITER  LOGLIKELIHOOD    ABS CHANGE   REL CHANGE  ALGORITHM
              1 -0.43512891D+05    0.0000000    0.0000000  EM
              2  0.13176490D+03 ************    1.0030282  EM
              3  0.13176490D+03    0.0000000    0.0000000  EM


  TECHNICAL 8 OUTPUT FOR STARTING VALUE SET 193


   E STEP  ITER  LOGLIKELIHOOD    ABS CHANGE   REL CHANGE  ALGORITHM
              1 -0.43512891D+05    0.0000000    0.0000000  EM
              2  0.13176490D+03 ************    1.0030282  EM
              3  0.13176490D+03    0.0000000    0.0000000  EM


  TECHNICAL 8 OUTPUT FOR STARTING VALUE SET 194


   E STEP  ITER  LOGLIKELIHOOD    ABS CHANGE   REL CHANGE  ALGORITHM
              1 -0.43512891D+05    0.0000000    0.0000000  EM
              2  0.13176490D+03 ************    1.0030282  EM
              3  0.13176490D+03    0.0000000    0.0000000  EM


  TECHNICAL 8 OUTPUT FOR STARTING VALUE SET 195


   E STEP  ITER  LOGLIKELIHOOD    ABS CHANGE   REL CHANGE  ALGORITHM
              1 -0.43512891D+05    0.0000000    0.0000000  EM
              2  0.13176490D+03 ************    1.0030282  EM
              3  0.13176490D+03    0.0000000    0.0000000  EM


  TECHNICAL 8 OUTPUT FOR STARTING VALUE SET 196


   E STEP  ITER  LOGLIKELIHOOD    ABS CHANGE   REL CHANGE  ALGORITHM
              1 -0.43512891D+05    0.0000000    0.0000000  EM
              2  0.13176490D+03 ************    1.0030282  EM
              3  0.13176490D+03    0.0000000    0.0000000  EM


  TECHNICAL 8 OUTPUT FOR STARTING VALUE SET 197


   E STEP  ITER  LOGLIKELIHOOD    ABS CHANGE   REL CHANGE  ALGORITHM
              1 -0.43512891D+05    0.0000000    0.0000000  EM
              2  0.13176490D+03 ************    1.0030282  EM
              3  0.13176490D+03    0.0000000    0.0000000  EM


  TECHNICAL 8 OUTPUT FOR STARTING VALUE SET 198


   E STEP  ITER  LOGLIKELIHOOD    ABS CHANGE   REL CHANGE  ALGORITHM
              1 -0.43512891D+05    0.0000000    0.0000000  EM
              2  0.13176490D+03 ************    1.0030282  EM
              3  0.13176490D+03    0.0000000    0.0000000  EM


  TECHNICAL 8 OUTPUT FOR STARTING VALUE SET 199


   E STEP  ITER  LOGLIKELIHOOD    ABS CHANGE   REL CHANGE  ALGORITHM
              1 -0.43512891D+05    0.0000000    0.0000000  EM
              2  0.13176490D+03 ************    1.0030282  EM
              3  0.13176490D+03    0.0000000    0.0000000  EM


  TECHNICAL 8 OUTPUT FOR STARTING VALUE SET 200


   E STEP  ITER  LOGLIKELIHOOD    ABS CHANGE   REL CHANGE  ALGORITHM
              1 -0.43512891D+05    0.0000000    0.0000000  EM
              2  0.13176490D+03 ************    1.0030282  EM
              3  0.13176490D+03    0.0000000    0.0000000  EM


  FINAL STAGE ITERATIONS


  TECHNICAL 8 OUTPUT FOR UNPERTURBED STARTING VALUE SET


              3  0.13176490D+03    0.0000000    0.0000000  EM
              4  0.13176490D+03    0.0000000    0.0000000  EM


  TECHNICAL 8 OUTPUT FOR STARTING VALUE SET 16


              3  0.13176490D+03    0.0000000    0.0000000  EM
              4  0.13176490D+03    0.0000000    0.0000000  EM


  TECHNICAL 8 OUTPUT FOR STARTING VALUE SET 17


              3  0.13176490D+03    0.0000000    0.0000000  EM
              4  0.13176490D+03    0.0000000    0.0000000  EM


  TECHNICAL 8 OUTPUT FOR STARTING VALUE SET 35


              3  0.13176490D+03    0.0000000    0.0000000  EM
              4  0.13176490D+03    0.0000000    0.0000000  EM


  TECHNICAL 8 OUTPUT FOR STARTING VALUE SET 165


              3  0.13176490D+03    0.0000000    0.0000000  EM
              4  0.13176490D+03    0.0000000    0.0000000  EM


  TECHNICAL 8 OUTPUT FOR STARTING VALUE SET 85


              3  0.13176490D+03    0.0000000    0.0000000  EM
              4  0.13176490D+03    0.0000000    0.0000000  EM


  TECHNICAL 8 OUTPUT FOR STARTING VALUE SET 11


              3  0.13176490D+03    0.0000000    0.0000000  EM
              4  0.13176490D+03    0.0000000    0.0000000  EM


  TECHNICAL 8 OUTPUT FOR STARTING VALUE SET 96


              3  0.13176490D+03    0.0000000    0.0000000  EM
              4  0.13176490D+03    0.0000000    0.0000000  EM


  TECHNICAL 8 OUTPUT FOR STARTING VALUE SET 26


              3  0.13176490D+03    0.0000000    0.0000000  EM
              4  0.13176490D+03    0.0000000    0.0000000  EM


  TECHNICAL 8 OUTPUT FOR STARTING VALUE SET 31


              3  0.13176490D+03    0.0000000    0.0000000  EM
              4  0.13176490D+03    0.0000000    0.0000000  EM


  TECHNICAL 8 OUTPUT FOR STARTING VALUE SET 32


              3  0.13176490D+03    0.0000000    0.0000000  EM
              4  0.13176490D+03    0.0000000    0.0000000  EM


  TECHNICAL 8 OUTPUT FOR STARTING VALUE SET 7


              3  0.13176490D+03    0.0000000    0.0000000  EM
              4  0.13176490D+03    0.0000000    0.0000000  EM


  TECHNICAL 8 OUTPUT FOR STARTING VALUE SET 142


              3  0.13176490D+03    0.0000000    0.0000000  EM
              4  0.13176490D+03    0.0000000    0.0000000  EM


  TECHNICAL 8 OUTPUT FOR STARTING VALUE SET 156


              3  0.13176490D+03    0.0000000    0.0000000  EM
              4  0.13176490D+03    0.0000000    0.0000000  EM


  TECHNICAL 8 OUTPUT FOR STARTING VALUE SET 19


              3  0.13176490D+03    0.0000000    0.0000000  EM
              4  0.13176490D+03    0.0000000    0.0000000  EM


  TECHNICAL 8 OUTPUT FOR STARTING VALUE SET 45


              3  0.13176490D+03    0.0000000    0.0000000  EM
              4  0.13176490D+03    0.0000000    0.0000000  EM


  TECHNICAL 8 OUTPUT FOR STARTING VALUE SET 13


              3  0.13176490D+03    0.0000000    0.0000000  EM
              4  0.13176490D+03    0.0000000    0.0000000  EM


  TECHNICAL 8 OUTPUT FOR STARTING VALUE SET 27


              3  0.13176490D+03    0.0000000    0.0000000  EM
              4  0.13176490D+03    0.0000000    0.0000000  EM


SAMPLE STATISTICS FOR ESTIMATED FACTOR SCORES


     SAMPLE STATISTICS


           Means
              I             S             Q             C_I           C_S
              ________      ________      ________      ________      ________
                0.003         0.000         0.000         0.003         0.000


           Means
              C_Q
              ________
                0.000


           Covariances
              I             S             Q             C_I           C_S
              ________      ________      ________      ________      ________
 I              0.000
 S              0.000         0.000
 Q              0.000         0.000         0.000
 C_I            0.000         0.000         0.000         0.000
 C_S            0.000         0.000         0.000         0.000         0.000
 C_Q            0.000         0.000         0.000         0.000         0.000


           Covariances
              C_Q
              ________
 C_Q            0.000


           Correlations
              I             S             Q             C_I           C_S
              ________      ________      ________      ________      ________
 I              1.000
 S            999.000         1.000
 Q            999.000       999.000         1.000
 C_I          999.000       999.000       999.000         1.000
 C_S          999.000       999.000       999.000       999.000         1.000
 C_Q          999.000       999.000       999.000       999.000       999.000


           Correlations
              C_Q
              ________
 C_Q            1.000


PLOT INFORMATION

The following plots are available:

  Histograms (sample values, estimated factor scores, estimated values, residuals)
  Scatterplots (sample values, estimated factor scores, estimated values, residuals)
  Sample means
  Estimated means, medians, modes, and percentiles
  Sample and estimated means
  Latent variable distribution plots
  Observed individual values
  Estimated individual values
  Estimated means and observed individual values
  Estimated means and estimated individual values
  Estimated overall and class-specific distributions

DIAGRAM INFORMATION

  Mplus diagrams are currently not available for Mixture analysis.
  No diagram output was produced.


     Beginning Time:  17:20:34
        Ending Time:  17:20:44
       Elapsed Time:  00:00:10


Mplus VERSION 8.5 DEMO has the following limitations:
  Maximum number of dependent variables: 6
  Maximum number of independent variables: 2
  Maximum number of between variables: 2
  Maximum number of continuous latent variables in time series analysis: 2


MUTHEN & MUTHEN
3463 Stoner Ave.
Los Angeles, CA  90066

Tel: (310) 391-9971
Fax: (310) 391-8971
Web: www.StatModel.com
Support: Support@StatModel.com

Copyright (c) 1998-2020 Muthen & Muthen
